[2026-05-17T12:57:36.939Z] [INFO] Server listening on port 3000
[2026-05-17T12:57:36.947Z] [INFO] Connected to the SQLite database.
[2026-05-17T12:57:37.028Z] [INFO] Superadmin user 'admin' created successfully.
[2026-05-17T13:00:21.474Z] [INFO] Server listening on port 3000
[2026-05-17T13:00:21.476Z] [INFO] Connected to the SQLite database.
[2026-05-17T13:01:55.313Z] [INFO] Stopping stream manually.
[2026-05-17T13:01:55.314Z] [INFO] Starting stream extraction for URL: https://www.youtube.com/watch?v=uUlfOwtI00Y
[2026-05-17T13:01:55.588Z] [WARN] fluent-ffmpeg error: Cannot find ffmpeg
[2026-05-17T13:01:55.589Z] [INFO] Scheduling stream restart in 10 seconds...
[2026-05-17T13:01:55.594Z] [INFO] youtube-dl-exec process exited with code null
[2026-05-17T13:01:55.608Z] [INFO] Scheduling stream restart in 10 seconds...
[2026-05-17T13:03:52.828Z] [INFO] Server listening on port 3000
[2026-05-17T13:03:52.830Z] [INFO] Connected to the SQLite database.
[2026-05-17T13:04:22.994Z] [INFO] Stopping stream manually.
[2026-05-17T13:04:22.995Z] [INFO] Starting stream extraction for URL: https://www.youtube.com/watch?v=OTmQOjsl0eg
[2026-05-17T13:04:23.787Z] [INFO] Spawned fluent-ffmpeg with command: ffmpeg -i pipe:0 -acodec libmp3lame -b:a 128k -f mp3 pipe:1
[2026-05-17T13:04:26.217Z] [INFO] Stream is now online and broadcasting via Node modules.
[2026-05-17T13:04:38.055Z] [INFO] Listener added. Total listeners: 1
[2026-05-17T13:05:27.635Z] [INFO] Stopping stream manually.
[2026-05-17T13:05:27.637Z] [INFO] Starting stream extraction for URL: https://www.youtube.com/watch?v=ALeRtAOnJi0
[2026-05-17T13:05:28.261Z] [WARN] yt-dlp error: The command spawned as:

  `F:\Personal\radio\node_modules\youtube-dl-exec\bin\yt-dlp.exe https://www.youtube.com/watch?v=OTmQOjsl0eg -f bestaudio -o -`

exited with:

  `{ signal: 'SIGKILL', code: null }` 

with the following trace:

[2026-05-17T13:05:28.272Z] [INFO] Spawned fluent-ffmpeg with command: ffmpeg -i pipe:0 -acodec libmp3lame -b:a 128k -f mp3 pipe:1
[2026-05-17T13:05:31.445Z] [INFO] Listener removed. Total listeners: 0
[2026-05-17T13:05:31.458Z] [INFO] youtube-dl-exec process exited with code 1
[2026-05-17T13:05:31.459Z] [INFO] Scheduling stream restart in 10 seconds...
[2026-05-17T13:05:31.459Z] [WARN] yt-dlp error: The command spawned as:

  `F:\Personal\radio\node_modules\youtube-dl-exec\bin\yt-dlp.exe https://www.youtube.com/watch?v=ALeRtAOnJi0 -f bestaudio -o -`

exited with:

  `{ signal: 'null', code: 1 }` 

with the following trace:

[2026-05-17T13:05:41.464Z] [INFO] Starting stream extraction for URL: https://www.youtube.com/watch?v=ALeRtAOnJi0
[2026-05-17T13:05:41.471Z] [INFO] Spawned fluent-ffmpeg with command: ffmpeg -i pipe:0 -acodec libmp3lame -b:a 128k -f mp3 pipe:1
[2026-05-17T13:05:44.995Z] [INFO] youtube-dl-exec process exited with code 1
[2026-05-17T13:05:44.996Z] [INFO] Scheduling stream restart in 10 seconds...
[2026-05-17T13:05:44.996Z] [WARN] yt-dlp error: The command spawned as:

  `F:\Personal\radio\node_modules\youtube-dl-exec\bin\yt-dlp.exe https://www.youtube.com/watch?v=ALeRtAOnJi0 -f bestaudio -o -`

exited with:

  `{ signal: 'null', code: 1 }` 

with the following trace:

[2026-05-17T13:05:55.002Z] [INFO] Starting stream extraction for URL: https://www.youtube.com/watch?v=ALeRtAOnJi0
[2026-05-17T13:05:55.010Z] [INFO] Spawned fluent-ffmpeg with command: ffmpeg -i pipe:0 -acodec libmp3lame -b:a 128k -f mp3 pipe:1
[2026-05-17T13:05:55.595Z] [INFO] Stopping stream manually.
[2026-05-17T13:05:55.595Z] [INFO] Starting stream extraction for URL: https://www.youtube.com/watch?v=ALeRtAOnJi0
[2026-05-17T13:05:55.600Z] [WARN] yt-dlp error: The command spawned as:

  `F:\Personal\radio\node_modules\youtube-dl-exec\bin\yt-dlp.exe https://www.youtube.com/watch?v=ALeRtAOnJi0 -f bestaudio -o -`

exited with:

  `{ signal: 'SIGKILL', code: null }` 

with the following trace:

[2026-05-17T13:05:55.605Z] [INFO] Spawned fluent-ffmpeg with command: ffmpeg -i pipe:0 -acodec libmp3lame -b:a 128k -f mp3 pipe:1
[2026-05-17T13:06:02.386Z] [INFO] youtube-dl-exec process exited with code 1
[2026-05-17T13:06:02.387Z] [INFO] Scheduling stream restart in 10 seconds...
[2026-05-17T13:06:02.387Z] [WARN] yt-dlp error: The command spawned as:

  `F:\Personal\radio\node_modules\youtube-dl-exec\bin\yt-dlp.exe https://www.youtube.com/watch?v=ALeRtAOnJi0 -f bestaudio -o -`

exited with:

  `{ signal: 'null', code: 1 }` 

with the following trace:

[2026-05-17T13:06:12.402Z] [INFO] Starting stream extraction for URL: https://www.youtube.com/watch?v=ALeRtAOnJi0
[2026-05-17T13:06:12.408Z] [INFO] Spawned fluent-ffmpeg with command: ffmpeg -i pipe:0 -acodec libmp3lame -b:a 128k -f mp3 pipe:1
[2026-05-17T13:06:16.137Z] [INFO] youtube-dl-exec process exited with code 1
[2026-05-17T13:06:16.138Z] [INFO] Scheduling stream restart in 10 seconds...
[2026-05-17T13:06:16.138Z] [WARN] yt-dlp error: The command spawned as:

  `F:\Personal\radio\node_modules\youtube-dl-exec\bin\yt-dlp.exe https://www.youtube.com/watch?v=ALeRtAOnJi0 -f bestaudio -o -`

exited with:

  `{ signal: 'null', code: 1 }` 

with the following trace:

[2026-05-17T13:06:16.140Z] [WARN] fluent-ffmpeg error: ffmpeg exited with code 3199971767: Error opening input file pipe:0.
Error opening input files: Invalid data found when processing input

[2026-05-17T13:06:16.141Z] [INFO] Scheduling stream restart in 10 seconds...
[2026-05-17T13:06:26.149Z] [INFO] Starting stream extraction for URL: https://www.youtube.com/watch?v=ALeRtAOnJi0
[2026-05-17T13:06:26.158Z] [INFO] Spawned fluent-ffmpeg with command: ffmpeg -i pipe:0 -acodec libmp3lame -b:a 128k -f mp3 pipe:1
[2026-05-17T13:06:29.732Z] [INFO] youtube-dl-exec process exited with code 1
[2026-05-17T13:06:29.733Z] [INFO] Scheduling stream restart in 10 seconds...
[2026-05-17T13:06:29.733Z] [WARN] yt-dlp error: The command spawned as:

  `F:\Personal\radio\node_modules\youtube-dl-exec\bin\yt-dlp.exe https://www.youtube.com/watch?v=ALeRtAOnJi0 -f bestaudio -o -`

exited with:

  `{ signal: 'null', code: 1 }` 

with the following trace:

[2026-05-17T13:06:39.743Z] [INFO] Starting stream extraction for URL: https://www.youtube.com/watch?v=ALeRtAOnJi0
[2026-05-17T13:06:39.752Z] [INFO] Spawned fluent-ffmpeg with command: ffmpeg -i pipe:0 -acodec libmp3lame -b:a 128k -f mp3 pipe:1
[2026-05-17T13:06:43.279Z] [INFO] youtube-dl-exec process exited with code 1
[2026-05-17T13:06:43.280Z] [INFO] Scheduling stream restart in 10 seconds...
[2026-05-17T13:06:43.280Z] [WARN] yt-dlp error: The command spawned as:

  `F:\Personal\radio\node_modules\youtube-dl-exec\bin\yt-dlp.exe https://www.youtube.com/watch?v=ALeRtAOnJi0 -f bestaudio -o -`

exited with:

  `{ signal: 'null', code: 1 }` 

with the following trace:

[2026-05-17T13:06:53.281Z] [INFO] Starting stream extraction for URL: https://www.youtube.com/watch?v=ALeRtAOnJi0
[2026-05-17T13:06:53.288Z] [INFO] Spawned fluent-ffmpeg with command: ffmpeg -i pipe:0 -acodec libmp3lame -b:a 128k -f mp3 pipe:1
[2026-05-17T13:06:57.068Z] [INFO] youtube-dl-exec process exited with code 1
[2026-05-17T13:06:57.069Z] [INFO] Scheduling stream restart in 10 seconds...
[2026-05-17T13:06:57.069Z] [WARN] yt-dlp error: The command spawned as:

  `F:\Personal\radio\node_modules\youtube-dl-exec\bin\yt-dlp.exe https://www.youtube.com/watch?v=ALeRtAOnJi0 -f bestaudio -o -`

exited with:

  `{ signal: 'null', code: 1 }` 

with the following trace:

[2026-05-17T13:07:07.075Z] [INFO] Starting stream extraction for URL: https://www.youtube.com/watch?v=ALeRtAOnJi0
[2026-05-17T13:07:07.082Z] [INFO] Spawned fluent-ffmpeg with command: ffmpeg -i pipe:0 -acodec libmp3lame -b:a 128k -f mp3 pipe:1
[2026-05-17T13:07:10.759Z] [INFO] youtube-dl-exec process exited with code 1
[2026-05-17T13:07:10.760Z] [INFO] Scheduling stream restart in 10 seconds...
[2026-05-17T13:07:10.760Z] [WARN] yt-dlp error: The command spawned as:

  `F:\Personal\radio\node_modules\youtube-dl-exec\bin\yt-dlp.exe https://www.youtube.com/watch?v=ALeRtAOnJi0 -f bestaudio -o -`

exited with:

  `{ signal: 'null', code: 1 }` 

with the following trace:

[2026-05-17T13:07:13.713Z] [INFO] Shutting down server...
[2026-05-17T13:07:13.714Z] [INFO] Stopping stream manually.
[2026-05-17T13:07:13.715Z] [INFO] HTTP server closed.
[2026-05-17T13:11:09.395Z] [INFO] Server listening on port 3000
[2026-05-17T13:11:09.397Z] [INFO] Connected to the SQLite database.
[2026-05-17T13:11:37.751Z] [INFO] Stopping stream manually.
[2026-05-17T13:11:37.752Z] [INFO] Starting stream extraction for URL: https://www.youtube.com/watch?v=uUlfOwtI00Y
[2026-05-17T13:11:37.886Z] [INFO] Spawned fluent-ffmpeg with command: ffmpeg -i pipe:0 -acodec libmp3lame -b:a 16k -f mp3 pipe:1
[2026-05-17T13:11:38.661Z] [WARN] yt-dlp stderr: [youtube] Extracting URL: https://www.youtube.com/watch?v=uUlfOwtI00Y
[2026-05-17T13:11:38.662Z] [WARN] yt-dlp stderr: [youtube] uUlfOwtI00Y: Downloading webpage
[2026-05-17T13:11:40.327Z] [WARN] yt-dlp stderr: WARNING: [youtube] No supported JavaScript runtime could be found. Only deno is enabled by default; to use another runtime add  --js-runtimes RUNTIME[:PATH]  to your command/config. YouTube extraction without a JS runtime has been deprecated, and some formats may be missing. See  https://github.com/yt-dlp/yt-dlp/wiki/EJS  for details on installing one
[2026-05-17T13:11:40.332Z] [WARN] yt-dlp stderr: [youtube] uUlfOwtI00Y: Downloading android vr player API JSON
[2026-05-17T13:11:40.806Z] [WARN] yt-dlp stderr: [youtube] uUlfOwtI00Y: Downloading m3u8 information
[2026-05-17T13:11:41.914Z] [WARN] yt-dlp stderr: ERROR: [youtube] uUlfOwtI00Y: Requested format is not available. Use --list-formats for a list of available formats
[2026-05-17T13:11:42.385Z] [INFO] youtube-dl-exec process exited with code 1
[2026-05-17T13:11:42.386Z] [INFO] Scheduling stream restart in 10 seconds...
[2026-05-17T13:11:42.387Z] [WARN] yt-dlp process error: The command spawned as:

  `F:\Personal\radio\node_modules\youtube-dl-exec\bin\yt-dlp.exe https://www.youtube.com/watch?v=uUlfOwtI00Y -f bestaudio -o -`

exited with:

  `{ signal: 'null', code: 1 }` 

with the following trace:

[2026-05-17T13:11:42.389Z] [WARN] fluent-ffmpeg error: ffmpeg exited with code 3199971767: Error opening input file pipe:0.
Error opening input files: Invalid data found when processing input

[2026-05-17T13:11:42.390Z] [INFO] Scheduling stream restart in 10 seconds...
[2026-05-17T13:11:43.068Z] [INFO] Listener added. Total listeners: 1
[2026-05-17T13:11:46.505Z] [INFO] Listener removed. Total listeners: 0
[2026-05-17T13:11:52.405Z] [INFO] Starting stream extraction for URL: https://www.youtube.com/watch?v=uUlfOwtI00Y
[2026-05-17T13:11:52.413Z] [INFO] Spawned fluent-ffmpeg with command: ffmpeg -i pipe:0 -acodec libmp3lame -b:a 16k -f mp3 pipe:1
[2026-05-17T13:11:53.341Z] [WARN] yt-dlp stderr: [youtube] Extracting URL: https://www.youtube.com/watch?v=uUlfOwtI00Y
[2026-05-17T13:11:53.342Z] [WARN] yt-dlp stderr: [youtube] uUlfOwtI00Y: Downloading webpage
[2026-05-17T13:11:54.735Z] [WARN] yt-dlp stderr: WARNING: [youtube] No supported JavaScript runtime could be found. Only deno is enabled by default; to use another runtime add  --js-runtimes RUNTIME[:PATH]  to your command/config. YouTube extraction without a JS runtime has been deprecated, and some formats may be missing. See  https://github.com/yt-dlp/yt-dlp/wiki/EJS  for details on installing one
[2026-05-17T13:11:54.739Z] [WARN] yt-dlp stderr: [youtube] uUlfOwtI00Y: Downloading android vr player API JSON
[2026-05-17T13:11:54.953Z] [WARN] yt-dlp stderr: [youtube] uUlfOwtI00Y: Downloading m3u8 information
[2026-05-17T13:11:55.727Z] [WARN] yt-dlp stderr: ERROR: [youtube] uUlfOwtI00Y: Requested format is not available. Use --list-formats for a list of available formats
[2026-05-17T13:11:56.183Z] [INFO] youtube-dl-exec process exited with code 1
[2026-05-17T13:11:56.183Z] [INFO] Scheduling stream restart in 10 seconds...
[2026-05-17T13:11:56.183Z] [WARN] yt-dlp process error: The command spawned as:

  `F:\Personal\radio\node_modules\youtube-dl-exec\bin\yt-dlp.exe https://www.youtube.com/watch?v=uUlfOwtI00Y -f bestaudio -o -`

exited with:

  `{ signal: 'null', code: 1 }` 

with the following trace:

[2026-05-17T13:12:06.190Z] [INFO] Starting stream extraction for URL: https://www.youtube.com/watch?v=uUlfOwtI00Y
[2026-05-17T13:12:06.199Z] [INFO] Spawned fluent-ffmpeg with command: ffmpeg -i pipe:0 -acodec libmp3lame -b:a 16k -f mp3 pipe:1
[2026-05-17T13:12:07.059Z] [WARN] yt-dlp stderr: [youtube] Extracting URL: https://www.youtube.com/watch?v=uUlfOwtI00Y
[2026-05-17T13:12:07.060Z] [WARN] yt-dlp stderr: [youtube] uUlfOwtI00Y: Downloading webpage
[2026-05-17T13:12:08.239Z] [WARN] yt-dlp stderr: WARNING: [youtube] No supported JavaScript runtime could be found. Only deno is enabled by default; to use another runtime add  --js-runtimes RUNTIME[:PATH]  to your command/config. YouTube extraction without a JS runtime has been deprecated, and some formats may be missing. See  https://github.com/yt-dlp/yt-dlp/wiki/EJS  for details on installing one
[2026-05-17T13:12:08.243Z] [WARN] yt-dlp stderr: [youtube] uUlfOwtI00Y: Downloading android vr player API JSON
[2026-05-17T13:12:08.489Z] [WARN] yt-dlp stderr: [youtube] uUlfOwtI00Y: Downloading m3u8 information
[2026-05-17T13:12:09.726Z] [WARN] yt-dlp stderr: ERROR: [youtube] uUlfOwtI00Y: Requested format is not available. Use --list-formats for a list of available formats
[2026-05-17T13:12:10.145Z] [INFO] youtube-dl-exec process exited with code 1
[2026-05-17T13:12:10.146Z] [INFO] Scheduling stream restart in 10 seconds...
[2026-05-17T13:12:10.146Z] [WARN] yt-dlp process error: The command spawned as:

  `F:\Personal\radio\node_modules\youtube-dl-exec\bin\yt-dlp.exe https://www.youtube.com/watch?v=uUlfOwtI00Y -f bestaudio -o -`

exited with:

  `{ signal: 'null', code: 1 }` 

with the following trace:

[2026-05-17T13:12:20.158Z] [INFO] Starting stream extraction for URL: https://www.youtube.com/watch?v=uUlfOwtI00Y
[2026-05-17T13:12:20.166Z] [INFO] Spawned fluent-ffmpeg with command: ffmpeg -i pipe:0 -acodec libmp3lame -b:a 16k -f mp3 pipe:1
[2026-05-17T13:12:20.540Z] [INFO] Listener added. Total listeners: 1
[2026-05-17T13:12:21.047Z] [WARN] yt-dlp stderr: [youtube] Extracting URL: https://www.youtube.com/watch?v=uUlfOwtI00Y
[2026-05-17T13:12:21.048Z] [WARN] yt-dlp stderr: [youtube] uUlfOwtI00Y: Downloading webpage
[2026-05-17T13:12:22.560Z] [WARN] yt-dlp stderr: WARNING: [youtube] No supported JavaScript runtime could be found. Only deno is enabled by default; to use another runtime add  --js-runtimes RUNTIME[:PATH]  to your command/config. YouTube extraction without a JS runtime has been deprecated, and some formats may be missing. See  https://github.com/yt-dlp/yt-dlp/wiki/EJS  for details on installing one
[2026-05-17T13:12:22.565Z] [WARN] yt-dlp stderr: [youtube] uUlfOwtI00Y: Downloading android vr player API JSON
[2026-05-17T13:12:22.907Z] [WARN] yt-dlp stderr: [youtube] uUlfOwtI00Y: Downloading m3u8 information
[2026-05-17T13:12:23.968Z] [WARN] yt-dlp stderr: ERROR: [youtube] uUlfOwtI00Y: Requested format is not available. Use --list-formats for a list of available formats
[2026-05-17T13:12:24.363Z] [INFO] youtube-dl-exec process exited with code 1
[2026-05-17T13:12:24.364Z] [INFO] Scheduling stream restart in 10 seconds...
[2026-05-17T13:12:24.364Z] [WARN] yt-dlp process error: The command spawned as:

  `F:\Personal\radio\node_modules\youtube-dl-exec\bin\yt-dlp.exe https://www.youtube.com/watch?v=uUlfOwtI00Y -f bestaudio -o -`

exited with:

  `{ signal: 'null', code: 1 }` 

with the following trace:

[2026-05-17T13:12:33.679Z] [INFO] Listener removed. Total listeners: 0
[2026-05-17T13:12:34.372Z] [INFO] Starting stream extraction for URL: https://www.youtube.com/watch?v=uUlfOwtI00Y
[2026-05-17T13:12:34.380Z] [INFO] Spawned fluent-ffmpeg with command: ffmpeg -i pipe:0 -acodec libmp3lame -b:a 16k -f mp3 pipe:1
[2026-05-17T13:12:35.281Z] [WARN] yt-dlp stderr: [youtube] Extracting URL: https://www.youtube.com/watch?v=uUlfOwtI00Y
[2026-05-17T13:12:35.282Z] [WARN] yt-dlp stderr: [youtube] uUlfOwtI00Y: Downloading webpage
[2026-05-17T13:12:37.153Z] [WARN] yt-dlp stderr: WARNING: [youtube] No supported JavaScript runtime could be found. Only deno is enabled by default; to use another runtime add  --js-runtimes RUNTIME[:PATH]  to your command/config. YouTube extraction without a JS runtime has been deprecated, and some formats may be missing. See  https://github.com/yt-dlp/yt-dlp/wiki/EJS  for details on installing one
[2026-05-17T13:12:37.157Z] [WARN] yt-dlp stderr: [youtube] uUlfOwtI00Y: Downloading android vr player API JSON
[2026-05-17T13:12:37.956Z] [WARN] yt-dlp stderr: [youtube] uUlfOwtI00Y: Downloading m3u8 information
[2026-05-17T13:12:39.733Z] [WARN] yt-dlp stderr: ERROR: [youtube] uUlfOwtI00Y: Requested format is not available. Use --list-formats for a list of available formats
[2026-05-17T13:12:40.162Z] [INFO] youtube-dl-exec process exited with code 1
[2026-05-17T13:12:40.163Z] [INFO] Scheduling stream restart in 10 seconds...
[2026-05-17T13:12:40.163Z] [WARN] yt-dlp process error: The command spawned as:

  `F:\Personal\radio\node_modules\youtube-dl-exec\bin\yt-dlp.exe https://www.youtube.com/watch?v=uUlfOwtI00Y -f bestaudio -o -`

exited with:

  `{ signal: 'null', code: 1 }` 

with the following trace:

[2026-05-17T13:12:50.177Z] [INFO] Starting stream extraction for URL: https://www.youtube.com/watch?v=uUlfOwtI00Y
[2026-05-17T13:12:50.185Z] [INFO] Spawned fluent-ffmpeg with command: ffmpeg -i pipe:0 -acodec libmp3lame -b:a 16k -f mp3 pipe:1
[2026-05-17T13:12:51.080Z] [WARN] yt-dlp stderr: [youtube] Extracting URL: https://www.youtube.com/watch?v=uUlfOwtI00Y
[2026-05-17T13:12:51.081Z] [WARN] yt-dlp stderr: [youtube] uUlfOwtI00Y: Downloading webpage
[2026-05-17T13:12:53.227Z] [WARN] yt-dlp stderr: WARNING: [youtube] No supported JavaScript runtime could be found. Only deno is enabled by default; to use another runtime add  --js-runtimes RUNTIME[:PATH]  to your command/config. YouTube extraction without a JS runtime has been deprecated, and some formats may be missing. See  https://github.com/yt-dlp/yt-dlp/wiki/EJS  for details on installing one
[2026-05-17T13:12:53.231Z] [WARN] yt-dlp stderr: [youtube] uUlfOwtI00Y: Downloading android vr player API JSON
[2026-05-17T13:12:53.474Z] [WARN] yt-dlp stderr: [youtube] uUlfOwtI00Y: Downloading m3u8 information
[2026-05-17T13:12:54.414Z] [WARN] yt-dlp stderr: ERROR: [youtube] uUlfOwtI00Y: Requested format is not available. Use --list-formats for a list of available formats
[2026-05-17T13:12:54.893Z] [INFO] youtube-dl-exec process exited with code 1
[2026-05-17T13:12:54.893Z] [INFO] Scheduling stream restart in 10 seconds...
[2026-05-17T13:12:54.894Z] [WARN] yt-dlp process error: The command spawned as:

  `F:\Personal\radio\node_modules\youtube-dl-exec\bin\yt-dlp.exe https://www.youtube.com/watch?v=uUlfOwtI00Y -f bestaudio -o -`

exited with:

  `{ signal: 'null', code: 1 }` 

with the following trace:

[2026-05-17T13:12:54.896Z] [WARN] fluent-ffmpeg error: ffmpeg exited with code 3199971767: Error opening input file pipe:0.
Error opening input files: Invalid data found when processing input

[2026-05-17T13:12:54.896Z] [INFO] Scheduling stream restart in 10 seconds...
[2026-05-17T13:13:04.910Z] [INFO] Starting stream extraction for URL: https://www.youtube.com/watch?v=uUlfOwtI00Y
[2026-05-17T13:13:04.917Z] [INFO] Spawned fluent-ffmpeg with command: ffmpeg -i pipe:0 -acodec libmp3lame -b:a 16k -f mp3 pipe:1
[2026-05-17T13:13:05.971Z] [WARN] yt-dlp stderr: [youtube] Extracting URL: https://www.youtube.com/watch?v=uUlfOwtI00Y
[2026-05-17T13:13:05.972Z] [WARN] yt-dlp stderr: [youtube] uUlfOwtI00Y: Downloading webpage
[2026-05-17T13:13:06.603Z] [INFO] Stopping stream manually.
[2026-05-17T13:13:07.236Z] [WARN] yt-dlp stderr: WARNING: [youtube] No supported JavaScript runtime could be found. Only deno is enabled by default; to use another runtime add  --js-runtimes RUNTIME[:PATH]  to your command/config. YouTube extraction without a JS runtime has been deprecated, and some formats may be missing. See  https://github.com/yt-dlp/yt-dlp/wiki/EJS  for details on installing one
[2026-05-17T13:13:07.241Z] [WARN] yt-dlp stderr: [youtube] uUlfOwtI00Y: Downloading android vr player API JSON
[2026-05-17T13:13:07.479Z] [WARN] yt-dlp stderr: [youtube] uUlfOwtI00Y: Downloading m3u8 information
[2026-05-17T13:13:08.278Z] [WARN] yt-dlp stderr: ERROR: [youtube] uUlfOwtI00Y: Requested format is not available. Use --list-formats for a list of available formats
[2026-05-17T13:13:14.810Z] [INFO] Stopping stream manually.
[2026-05-17T13:13:14.811Z] [INFO] Starting stream extraction for URL: https://www.youtube.com/watch?v=sLueqNhgB3E
[2026-05-17T13:13:14.821Z] [INFO] Spawned fluent-ffmpeg with command: ffmpeg -i pipe:0 -acodec libmp3lame -b:a 16k -f mp3 pipe:1
[2026-05-17T13:13:15.707Z] [WARN] yt-dlp stderr: [youtube] Extracting URL: https://www.youtube.com/watch?v=sLueqNhgB3E
[2026-05-17T13:13:15.708Z] [WARN] yt-dlp stderr: [youtube] sLueqNhgB3E: Downloading webpage
[2026-05-17T13:13:17.083Z] [WARN] yt-dlp stderr: WARNING: [youtube] No supported JavaScript runtime could be found. Only deno is enabled by default; to use another runtime add  --js-runtimes RUNTIME[:PATH]  to your command/config. YouTube extraction without a JS runtime has been deprecated, and some formats may be missing. See  https://github.com/yt-dlp/yt-dlp/wiki/EJS  for details on installing one
[2026-05-17T13:13:17.089Z] [WARN] yt-dlp stderr: [youtube] sLueqNhgB3E: Downloading android vr player API JSON
[2026-05-17T13:13:17.421Z] [WARN] yt-dlp stderr: [info] sLueqNhgB3E: Downloading 1 format(s): 251
[2026-05-17T13:13:17.496Z] [WARN] yt-dlp stderr: [download] Destination: -
[2026-05-17T13:13:17.497Z] [WARN] yt-dlp stderr: [download]   0.0% of    2.58MiB at  Unknown B/s ETA Unknown
[2026-05-17T13:13:17.497Z] [WARN] yt-dlp stderr: [download]   0.1% of    2.58MiB at    1.47MiB/s ETA 00:01  [download]   0.3% of    2.58MiB at    3.42MiB/s ETA 00:00
[2026-05-17T13:13:17.497Z] [WARN] yt-dlp stderr: [download]   0.6% of    2.58MiB at    7.33MiB/s ETA 00:00
[2026-05-17T13:13:17.502Z] [WARN] yt-dlp stderr: [download]   1.2% of    2.58MiB at    4.14MiB/s ETA 00:00
[2026-05-17T13:13:17.504Z] [INFO] Stream is now online and broadcasting via Node modules.
[2026-05-17T13:13:17.537Z] [WARN] yt-dlp stderr: [download]   2.4% of    2.58MiB at    1.46MiB/s ETA 00:01
[2026-05-17T13:13:17.568Z] [WARN] yt-dlp stderr: [download]   4.8% of    2.58MiB at    1.71MiB/s ETA 00:01
[2026-05-17T13:13:17.672Z] [WARN] yt-dlp stderr: [download]   9.7% of    2.58MiB at    1.40MiB/s ETA 00:01
[2026-05-17T13:13:18.506Z] [WARN] yt-dlp stderr: [download]  19.4% of    2.58MiB at  505.51KiB/s ETA 00:04
[2026-05-17T13:13:19.075Z] [WARN] yt-dlp stderr: [download]  31.0% of    2.58MiB at  518.01KiB/s ETA 00:03
[2026-05-17T13:13:19.588Z] [WARN] yt-dlp stderr: [download]  51.5% of    2.58MiB at  649.24KiB/s ETA 00:01
[2026-05-17T13:13:21.127Z] [WARN] yt-dlp stderr: [download]  91.4% of    2.58MiB at  664.02KiB/s ETA 00:00
[2026-05-17T13:13:21.307Z] [WARN] yt-dlp stderr: [download] 100.0% of    2.58MiB at  692.57KiB/s ETA 00:00
[2026-05-17T13:13:21.308Z] [WARN] yt-dlp stderr: [download] 100% of    2.58MiB in 00:00:03 at 686.06KiB/s
[2026-05-17T13:13:21.793Z] [INFO] youtube-dl-exec process exited with code 0
[2026-05-17T13:13:21.793Z] [INFO] Scheduling stream restart in 10 seconds...
[2026-05-17T13:13:31.805Z] [INFO] Starting stream extraction for URL: https://www.youtube.com/watch?v=sLueqNhgB3E
[2026-05-17T13:13:31.813Z] [INFO] Spawned fluent-ffmpeg with command: ffmpeg -i pipe:0 -acodec libmp3lame -b:a 16k -f mp3 pipe:1
[2026-05-17T13:13:32.664Z] [WARN] yt-dlp stderr: [youtube] Extracting URL: https://www.youtube.com/watch?v=sLueqNhgB3E
[2026-05-17T13:13:32.665Z] [WARN] yt-dlp stderr: [youtube] sLueqNhgB3E: Downloading webpage
[2026-05-17T13:13:34.107Z] [WARN] yt-dlp stderr: WARNING: [youtube] No supported JavaScript runtime could be found. Only deno is enabled by default; to use another runtime add  --js-runtimes RUNTIME[:PATH]  to your command/config. YouTube extraction without a JS runtime has been deprecated, and some formats may be missing. See  https://github.com/yt-dlp/yt-dlp/wiki/EJS  for details on installing one
[2026-05-17T13:13:34.113Z] [WARN] yt-dlp stderr: [youtube] sLueqNhgB3E: Downloading android vr player API JSON
[2026-05-17T13:13:34.561Z] [WARN] yt-dlp stderr: [info] sLueqNhgB3E: Downloading 1 format(s): 251
[2026-05-17T13:13:34.942Z] [WARN] yt-dlp stderr: [download] Destination: -
[2026-05-17T13:13:34.943Z] [WARN] yt-dlp stderr: [download]   0.0% of    2.58MiB at   34.37KiB/s ETA 01:16
[2026-05-17T13:13:34.944Z] [WARN] yt-dlp stderr: [download]   0.1% of    2.58MiB at  103.11KiB/s ETA 00:25[download]   0.3% of    2.58MiB at  232.50KiB/s ETA 00:11
[2026-05-17T13:13:34.944Z] [WARN] yt-dlp stderr: [download]   0.6% of    2.58MiB at  498.22KiB/s ETA 00:05
[2026-05-17T13:13:34.944Z] [WARN] yt-dlp stderr: [download]   1.2% of    2.58MiB at    1.01MiB/s ETA 00:02
[2026-05-17T13:13:34.950Z] [INFO] Stream is now online and broadcasting via Node modules.
[2026-05-17T13:13:35.004Z] [WARN] yt-dlp stderr: [download]   2.4% of    2.58MiB at  697.20KiB/s ETA 00:03
[2026-05-17T13:13:35.015Z] [WARN] yt-dlp stderr: [download]   4.8% of    2.58MiB at    1.23MiB/s ETA 00:01
[2026-05-17T13:13:35.109Z] [WARN] yt-dlp stderr: [download]   9.7% of    2.58MiB at    1.28MiB/s ETA 00:01
[2026-05-17T13:13:35.288Z] [WARN] yt-dlp stderr: [download]  19.4% of    2.58MiB at    1.33MiB/s ETA 00:01
[2026-05-17T13:13:35.646Z] [WARN] yt-dlp stderr: [download]  38.7% of    2.58MiB at    1.36MiB/s ETA 00:01
[2026-05-17T13:13:36.489Z] [WARN] yt-dlp stderr: [download]  77.5% of    2.58MiB at    1.27MiB/s ETA 00:00
[2026-05-17T13:13:36.940Z] [WARN] yt-dlp stderr: [download] 100.0% of    2.58MiB at    1.27MiB/s ETA 00:00
[2026-05-17T13:13:36.940Z] [WARN] yt-dlp stderr: [download] 100% of    2.58MiB in 00:00:02 at 1.10MiB/s
[2026-05-17T13:13:37.406Z] [INFO] youtube-dl-exec process exited with code 0
[2026-05-17T13:13:37.406Z] [INFO] Scheduling stream restart in 10 seconds...
[2026-05-17T13:13:47.410Z] [INFO] Starting stream extraction for URL: https://www.youtube.com/watch?v=sLueqNhgB3E
[2026-05-17T13:13:47.417Z] [INFO] Spawned fluent-ffmpeg with command: ffmpeg -i pipe:0 -acodec libmp3lame -b:a 16k -f mp3 pipe:1
[2026-05-17T13:13:48.349Z] [WARN] yt-dlp stderr: [youtube] Extracting URL: https://www.youtube.com/watch?v=sLueqNhgB3E
[2026-05-17T13:13:48.349Z] [WARN] yt-dlp stderr: [youtube] sLueqNhgB3E: Downloading webpage
[2026-05-17T13:13:50.246Z] [WARN] yt-dlp stderr: WARNING: [youtube] No supported JavaScript runtime could be found. Only deno is enabled by default; to use another runtime add  --js-runtimes RUNTIME[:PATH]  to your command/config. YouTube extraction without a JS runtime has been deprecated, and some formats may be missing. See  https://github.com/yt-dlp/yt-dlp/wiki/EJS  for details on installing one
[2026-05-17T13:13:50.252Z] [WARN] yt-dlp stderr: [youtube] sLueqNhgB3E: Downloading android vr player API JSON
[2026-05-17T13:13:50.582Z] [WARN] yt-dlp stderr: [info] sLueqNhgB3E: Downloading 1 format(s): 251
[2026-05-17T13:13:50.676Z] [WARN] yt-dlp stderr: [download] Destination: -
[2026-05-17T13:13:50.677Z] [WARN] yt-dlp stderr: [download]   0.0% of    2.58MiB at   88.67KiB/s ETA 00:29
[2026-05-17T13:13:50.677Z] [WARN] yt-dlp stderr: [download]   0.1% of    2.58MiB at  254.34KiB/s ETA 00:10[download]   0.3% of    2.58MiB at  593.47KiB/s ETA 00:04
[2026-05-17T13:13:50.678Z] [WARN] yt-dlp stderr: [download]   0.6% of    2.58MiB at    1.19MiB/s ETA 00:02
[2026-05-17T13:13:50.679Z] [WARN] yt-dlp stderr: [download]   1.2% of    2.58MiB at    2.27MiB/s ETA 00:01
[2026-05-17T13:13:50.686Z] [INFO] Stream is now online and broadcasting via Node modules.
[2026-05-17T13:13:50.697Z] [WARN] yt-dlp stderr: [download]   2.4% of    2.58MiB at    1.99MiB/s ETA 00:01
[2026-05-17T13:13:50.713Z] [WARN] yt-dlp stderr: [download]   4.8% of    2.58MiB at    2.69MiB/s ETA 00:00
[2026-05-17T13:13:50.776Z] [WARN] yt-dlp stderr: [download]   9.7% of    2.58MiB at    2.28MiB/s ETA 00:01
[2026-05-17T13:13:50.927Z] [WARN] yt-dlp stderr: [download]  19.4% of    2.58MiB at    1.91MiB/s ETA 00:01
[2026-05-17T13:13:51.383Z] [WARN] yt-dlp stderr: [download]  38.7% of    2.58MiB at    1.39MiB/s ETA 00:01
[2026-05-17T13:13:52.530Z] [WARN] yt-dlp stderr: [download]  77.5% of    2.58MiB at    1.07MiB/s ETA 00:00
[2026-05-17T13:13:53.084Z] [WARN] yt-dlp stderr: [download] 100.0% of    2.58MiB at    1.07MiB/s ETA 00:00
[2026-05-17T13:13:53.085Z] [WARN] yt-dlp stderr: [download] 100% of    2.58MiB in 00:00:02 at 1.04MiB/s
[2026-05-17T13:13:53.589Z] [INFO] youtube-dl-exec process exited with code 0
[2026-05-17T13:13:53.590Z] [INFO] Scheduling stream restart in 10 seconds...
[2026-05-17T13:14:03.596Z] [INFO] Starting stream extraction for URL: https://www.youtube.com/watch?v=sLueqNhgB3E
[2026-05-17T13:14:03.605Z] [INFO] Spawned fluent-ffmpeg with command: ffmpeg -i pipe:0 -acodec libmp3lame -b:a 16k -f mp3 pipe:1
[2026-05-17T13:14:04.514Z] [WARN] yt-dlp stderr: [youtube] Extracting URL: https://www.youtube.com/watch?v=sLueqNhgB3E
[2026-05-17T13:14:04.515Z] [WARN] yt-dlp stderr: [youtube] sLueqNhgB3E: Downloading webpage
[2026-05-17T13:14:06.275Z] [WARN] yt-dlp stderr: WARNING: [youtube] No supported JavaScript runtime could be found. Only deno is enabled by default; to use another runtime add  --js-runtimes RUNTIME[:PATH]  to your command/config. YouTube extraction without a JS runtime has been deprecated, and some formats may be missing. See  https://github.com/yt-dlp/yt-dlp/wiki/EJS  for details on installing one
[2026-05-17T13:14:06.280Z] [WARN] yt-dlp stderr: [youtube] sLueqNhgB3E: Downloading android vr player API JSON
[2026-05-17T13:14:06.638Z] [WARN] yt-dlp stderr: [info] sLueqNhgB3E: Downloading 1 format(s): 251
[2026-05-17T13:14:06.719Z] [WARN] yt-dlp stderr: [download] Destination: -
[2026-05-17T13:14:06.719Z] [WARN] yt-dlp stderr: [download]   0.0% of    2.58MiB at  998.88KiB/s ETA 00:02
[2026-05-17T13:14:06.720Z] [WARN] yt-dlp stderr: [download]   0.1% of    2.58MiB at    1.46MiB/s ETA 00:01[download]   0.3% of    2.58MiB at    3.40MiB/s ETA 00:00
[2026-05-17T13:14:06.720Z] [WARN] yt-dlp stderr: [download]   0.6% of    2.58MiB at    7.29MiB/s ETA 00:00
[2026-05-17T13:14:06.724Z] [WARN] yt-dlp stderr: [download]   1.2% of    2.58MiB at    5.02MiB/s ETA 00:00
[2026-05-17T13:14:06.728Z] [INFO] Stream is now online and broadcasting via Node modules.
[2026-05-17T13:14:06.737Z] [WARN] yt-dlp stderr: [download]   2.4% of    2.58MiB at    3.34MiB/s ETA 00:00
[2026-05-17T13:14:06.755Z] [WARN] yt-dlp stderr: [download]   4.8% of    2.58MiB at    3.40MiB/s ETA 00:00
[2026-05-17T13:14:06.820Z] [WARN] yt-dlp stderr: [download]   9.7% of    2.58MiB at    2.44MiB/s ETA 00:00
[2026-05-17T13:14:07.092Z] [WARN] yt-dlp stderr: [download]  19.4% of    2.58MiB at    1.33MiB/s ETA 00:01
[2026-05-17T13:14:07.504Z] [WARN] yt-dlp stderr: [download]  38.7% of    2.58MiB at    1.27MiB/s ETA 00:01
[2026-05-17T13:14:08.399Z] [WARN] yt-dlp stderr: [download]  77.5% of    2.58MiB at    1.19MiB/s ETA 00:00
[2026-05-17T13:14:08.955Z] [WARN] yt-dlp stderr: [download] 100.0% of    2.58MiB at    1.15MiB/s ETA 00:00
[2026-05-17T13:14:08.956Z] [WARN] yt-dlp stderr: [download] 100% of    2.58MiB in 00:00:02 at 1.13MiB/s
[2026-05-17T13:14:09.405Z] [INFO] youtube-dl-exec process exited with code 0
[2026-05-17T13:14:09.406Z] [INFO] Scheduling stream restart in 10 seconds...
[2026-05-17T13:14:11.111Z] [INFO] Listener added. Total listeners: 1
[2026-05-17T13:14:19.408Z] [INFO] Starting stream extraction for URL: https://www.youtube.com/watch?v=sLueqNhgB3E
[2026-05-17T13:14:19.414Z] [INFO] Spawned fluent-ffmpeg with command: ffmpeg -i pipe:0 -acodec libmp3lame -b:a 16k -f mp3 pipe:1
[2026-05-17T13:14:20.304Z] [WARN] yt-dlp stderr: [youtube] Extracting URL: https://www.youtube.com/watch?v=sLueqNhgB3E
[2026-05-17T13:14:20.305Z] [WARN] yt-dlp stderr: [youtube] sLueqNhgB3E: Downloading webpage
[2026-05-17T13:14:21.872Z] [WARN] yt-dlp stderr: WARNING: [youtube] No supported JavaScript runtime could be found. Only deno is enabled by default; to use another runtime add  --js-runtimes RUNTIME[:PATH]  to your command/config. YouTube extraction without a JS runtime has been deprecated, and some formats may be missing. See  https://github.com/yt-dlp/yt-dlp/wiki/EJS  for details on installing one
[2026-05-17T13:14:21.877Z] [WARN] yt-dlp stderr: [youtube] sLueqNhgB3E: Downloading android vr player API JSON
[2026-05-17T13:14:22.215Z] [WARN] yt-dlp stderr: [info] sLueqNhgB3E: Downloading 1 format(s): 251
[2026-05-17T13:14:22.294Z] [WARN] yt-dlp stderr: [download] Destination: -
[2026-05-17T13:14:22.294Z] [WARN] yt-dlp stderr: [download]   0.0% of    2.58MiB at  182.38KiB/s ETA 00:14
[2026-05-17T13:14:22.294Z] [WARN] yt-dlp stderr: [download]   0.1% of    2.58MiB at  547.13KiB/s ETA 00:04
[2026-05-17T13:14:22.295Z] [WARN] yt-dlp stderr: [download]   0.3% of    2.58MiB at    1.25MiB/s ETA 00:02
[2026-05-17T13:14:22.295Z] [WARN] yt-dlp stderr: [download]   0.6% of    2.58MiB at    2.26MiB/s ETA 00:01
[2026-05-17T13:14:22.303Z] [INFO] Stream is now online and broadcasting via Node modules.
[2026-05-17T13:14:22.354Z] [WARN] yt-dlp stderr: [download]   1.2% of    2.58MiB at  472.68KiB/s ETA 00:05
[2026-05-17T13:14:22.365Z] [WARN] yt-dlp stderr: [download]   2.4% of    2.58MiB at  826.69KiB/s ETA 00:03
[2026-05-17T13:14:22.427Z] [WARN] yt-dlp stderr: [download]   4.8% of    2.58MiB at  917.05KiB/s ETA 00:02
[2026-05-17T13:14:22.469Z] [WARN] yt-dlp stderr: [download]   9.7% of    2.58MiB at    1.38MiB/s ETA 00:01
[2026-05-17T13:14:22.606Z] [WARN] yt-dlp stderr: [download]  19.4% of    2.58MiB at    1.57MiB/s ETA 00:01
[2026-05-17T13:14:22.956Z] [WARN] yt-dlp stderr: [download]  38.7% of    2.58MiB at    1.50MiB/s ETA 00:01
[2026-05-17T13:14:23.958Z] [WARN] yt-dlp stderr: [download]  77.5% of    2.58MiB at    1.20MiB/s ETA 00:00
[2026-05-17T13:14:24.484Z] [WARN] yt-dlp stderr: [download] 100.0% of    2.58MiB at    1.17MiB/s ETA 00:00
[2026-05-17T13:14:24.485Z] [WARN] yt-dlp stderr: [download] 100% of    2.58MiB in 00:00:02 at 1.15MiB/s
[2026-05-17T13:14:24.971Z] [INFO] youtube-dl-exec process exited with code 0
[2026-05-17T13:14:24.972Z] [INFO] Scheduling stream restart in 10 seconds...
[2026-05-17T13:14:25.494Z] [INFO] Listener removed. Total listeners: 0
[2026-05-17T13:14:28.862Z] [INFO] Listener added. Total listeners: 1
[2026-05-17T13:14:34.984Z] [INFO] Starting stream extraction for URL: https://www.youtube.com/watch?v=sLueqNhgB3E
[2026-05-17T13:14:34.992Z] [INFO] Spawned fluent-ffmpeg with command: ffmpeg -i pipe:0 -acodec libmp3lame -b:a 16k -f mp3 pipe:1
[2026-05-17T13:14:35.841Z] [WARN] yt-dlp stderr: [youtube] Extracting URL: https://www.youtube.com/watch?v=sLueqNhgB3E
[2026-05-17T13:14:35.841Z] [WARN] yt-dlp stderr: [youtube] sLueqNhgB3E: Downloading webpage
[2026-05-17T13:14:37.488Z] [WARN] yt-dlp stderr: WARNING: [youtube] No supported JavaScript runtime could be found. Only deno is enabled by default; to use another runtime add  --js-runtimes RUNTIME[:PATH]  to your command/config. YouTube extraction without a JS runtime has been deprecated, and some formats may be missing. See  https://github.com/yt-dlp/yt-dlp/wiki/EJS  for details on installing one
[2026-05-17T13:14:37.494Z] [WARN] yt-dlp stderr: [youtube] sLueqNhgB3E: Downloading android vr player API JSON
[2026-05-17T13:14:37.843Z] [WARN] yt-dlp stderr: [info] sLueqNhgB3E: Downloading 1 format(s): 251
[2026-05-17T13:14:37.921Z] [WARN] yt-dlp stderr: [download] Destination: -
[2026-05-17T13:14:37.922Z] [WARN] yt-dlp stderr: [download]   0.0% of    2.58MiB at  230.08KiB/s ETA 00:11
[2026-05-17T13:14:37.922Z] [WARN] yt-dlp stderr: [download]   0.1% of    2.58MiB at  690.23KiB/s ETA 00:03
[2026-05-17T13:14:37.923Z] [WARN] yt-dlp stderr: [download]   0.3% of    2.58MiB at    1.57MiB/s ETA 00:01[download]   0.6% of    2.58MiB at    2.48MiB/s ETA 00:01
[2026-05-17T13:14:37.930Z] [INFO] Stream is now online and broadcasting via Node modules.
[2026-05-17T13:14:37.931Z] [WARN] yt-dlp stderr: [download]   1.2% of    2.58MiB at    2.24MiB/s ETA 00:01
[2026-05-17T13:14:37.948Z] [WARN] yt-dlp stderr: [download]   2.4% of    2.58MiB at    1.96MiB/s ETA 00:01
[2026-05-17T13:14:37.967Z] [WARN] yt-dlp stderr: [download]   4.8% of    2.58MiB at    2.50MiB/s ETA 00:00
[2026-05-17T13:14:38.028Z] [WARN] yt-dlp stderr: [download]   9.7% of    2.58MiB at    2.25MiB/s ETA 00:01
[2026-05-17T13:14:38.129Z] [WARN] yt-dlp stderr: [download]  19.4% of    2.58MiB at    2.36MiB/s ETA 00:00
[2026-05-17T13:14:38.581Z] [WARN] yt-dlp stderr: [download]  38.7% of    2.58MiB at    1.50MiB/s ETA 00:01
[2026-05-17T13:14:39.379Z] [WARN] yt-dlp stderr: [download]  77.5% of    2.58MiB at    1.37MiB/s ETA 00:00
[2026-05-17T13:14:40.031Z] [WARN] yt-dlp stderr: [download] 100.0% of    2.58MiB at    1.22MiB/s ETA 00:00
[2026-05-17T13:14:40.031Z] [WARN] yt-dlp stderr: [download] 100% of    2.58MiB in 00:00:02 at 1.19MiB/s
[2026-05-17T13:14:40.508Z] [INFO] youtube-dl-exec process exited with code 0
[2026-05-17T13:14:40.509Z] [INFO] Scheduling stream restart in 10 seconds...
[2026-05-17T13:14:45.495Z] [INFO] Listener removed. Total listeners: 0
[2026-05-17T13:14:50.511Z] [INFO] Starting stream extraction for URL: https://www.youtube.com/watch?v=sLueqNhgB3E
[2026-05-17T13:14:50.519Z] [INFO] Spawned fluent-ffmpeg with command: ffmpeg -i pipe:0 -acodec libmp3lame -b:a 16k -f mp3 pipe:1
[2026-05-17T13:14:51.384Z] [WARN] yt-dlp stderr: [youtube] Extracting URL: https://www.youtube.com/watch?v=sLueqNhgB3E
[2026-05-17T13:14:51.384Z] [WARN] yt-dlp stderr: [youtube] sLueqNhgB3E: Downloading webpage
[2026-05-17T13:14:52.740Z] [WARN] yt-dlp stderr: WARNING: [youtube] No supported JavaScript runtime could be found. Only deno is enabled by default; to use another runtime add  --js-runtimes RUNTIME[:PATH]  to your command/config. YouTube extraction without a JS runtime has been deprecated, and some formats may be missing. See  https://github.com/yt-dlp/yt-dlp/wiki/EJS  for details on installing one
[2026-05-17T13:14:52.745Z] [WARN] yt-dlp stderr: [youtube] sLueqNhgB3E: Downloading android vr player API JSON
[2026-05-17T13:14:53.118Z] [WARN] yt-dlp stderr: [info] sLueqNhgB3E: Downloading 1 format(s): 251
[2026-05-17T13:14:53.211Z] [WARN] yt-dlp stderr: [download] Destination: -
[2026-05-17T13:14:53.212Z] [WARN] yt-dlp stderr: [download]   0.0% of    2.58MiB at   65.55KiB/s ETA 00:40
[2026-05-17T13:14:53.212Z] [WARN] yt-dlp stderr: [download]   0.1% of    2.58MiB at  178.99KiB/s ETA 00:14
[2026-05-17T13:14:53.212Z] [WARN] yt-dlp stderr: [download]   0.3% of    2.58MiB at  417.65KiB/s ETA 00:06
[2026-05-17T13:14:53.213Z] [WARN] yt-dlp stderr: [download]   0.6% of    2.58MiB at  894.96KiB/s ETA 00:02
[2026-05-17T13:14:53.215Z] [WARN] yt-dlp stderr: [download]   1.2% of    2.58MiB at    1.64MiB/s ETA 00:01
[2026-05-17T13:14:53.220Z] [INFO] Stream is now online and broadcasting via Node modules.
[2026-05-17T13:14:53.226Z] [WARN] yt-dlp stderr: [download]   2.4% of    2.58MiB at    2.05MiB/s ETA 00:01
[2026-05-17T13:14:53.249Z] [WARN] yt-dlp stderr: [download]   4.8% of    2.58MiB at    2.33MiB/s ETA 00:01
[2026-05-17T13:14:53.292Z] [WARN] yt-dlp stderr: [download]   9.7% of    2.58MiB at    2.61MiB/s ETA 00:00
[2026-05-17T13:14:53.385Z] [WARN] yt-dlp stderr: [download]  19.4% of    2.58MiB at    2.63MiB/s ETA 00:00
[2026-05-17T13:14:53.738Z] [WARN] yt-dlp stderr: [download]  38.7% of    2.58MiB at    1.84MiB/s ETA 00:00
[2026-05-17T13:14:54.671Z] [WARN] yt-dlp stderr: [download]  77.5% of    2.58MiB at    1.36MiB/s ETA 00:00
[2026-05-17T13:14:55.196Z] [WARN] yt-dlp stderr: [download] 100.0% of    2.58MiB at    1.29MiB/s ETA 00:00
[2026-05-17T13:14:55.196Z] [WARN] yt-dlp stderr: [download] 100% of    2.58MiB in 00:00:02 at 1.26MiB/s
[2026-05-17T13:14:55.661Z] [INFO] youtube-dl-exec process exited with code 0
[2026-05-17T13:14:55.662Z] [INFO] Scheduling stream restart in 10 seconds...
[2026-05-17T13:15:05.673Z] [INFO] Starting stream extraction for URL: https://www.youtube.com/watch?v=sLueqNhgB3E
[2026-05-17T13:15:05.680Z] [INFO] Spawned fluent-ffmpeg with command: ffmpeg -i pipe:0 -acodec libmp3lame -b:a 16k -f mp3 pipe:1
[2026-05-17T13:15:06.549Z] [WARN] yt-dlp stderr: [youtube] Extracting URL: https://www.youtube.com/watch?v=sLueqNhgB3E
[2026-05-17T13:15:06.549Z] [WARN] yt-dlp stderr: [youtube] sLueqNhgB3E: Downloading webpage
[2026-05-17T13:15:07.996Z] [WARN] yt-dlp stderr: WARNING: [youtube] No supported JavaScript runtime could be found. Only deno is enabled by default; to use another runtime add  --js-runtimes RUNTIME[:PATH]  to your command/config. YouTube extraction without a JS runtime has been deprecated, and some formats may be missing. See  https://github.com/yt-dlp/yt-dlp/wiki/EJS  for details on installing one
[2026-05-17T13:15:08.001Z] [WARN] yt-dlp stderr: [youtube] sLueqNhgB3E: Downloading android vr player API JSON
[2026-05-17T13:15:08.348Z] [WARN] yt-dlp stderr: [info] sLueqNhgB3E: Downloading 1 format(s): 251
[2026-05-17T13:15:08.400Z] [WARN] yt-dlp stderr: [download] Destination: -
[2026-05-17T13:15:08.400Z] [WARN] yt-dlp stderr: [download]   0.0% of    2.58MiB at  220.50KiB/s ETA 00:11
[2026-05-17T13:15:08.401Z] [WARN] yt-dlp stderr: [download]   0.1% of    2.58MiB at  541.71KiB/s ETA 00:04
[2026-05-17T13:15:08.401Z] [WARN] yt-dlp stderr: [download]   0.3% of    2.58MiB at    1.23MiB/s ETA 00:02[download]   0.6% of    2.58MiB at    2.65MiB/s ETA 00:00
[2026-05-17T13:15:08.408Z] [INFO] Stream is now online and broadcasting via Node modules.
[2026-05-17T13:15:08.639Z] [WARN] yt-dlp stderr: [download]   1.2% of    2.58MiB at  127.33KiB/s ETA 00:20
[2026-05-17T13:15:08.639Z] [WARN] yt-dlp stderr: [download]   2.4% of    2.58MiB at  257.51KiB/s ETA 00:10
[2026-05-17T13:15:08.747Z] [WARN] yt-dlp stderr: [download]   4.8% of    2.58MiB at  360.84KiB/s ETA 00:06
[2026-05-17T13:15:08.856Z] [WARN] yt-dlp stderr: [download]   9.7% of    2.58MiB at  553.10KiB/s ETA 00:04
[2026-05-17T13:15:08.979Z] [WARN] yt-dlp stderr: [download]  19.4% of    2.58MiB at  876.11KiB/s ETA 00:02
[2026-05-17T13:15:09.559Z] [WARN] yt-dlp stderr: [download]  38.7% of    2.58MiB at  878.69KiB/s ETA 00:01
[2026-05-17T13:15:10.326Z] [WARN] yt-dlp stderr: [download]  72.1% of    2.58MiB at  986.05KiB/s ETA 00:00
[2026-05-17T13:15:11.694Z] [WARN] yt-dlp stderr: [download] 100.0% of    2.58MiB at  800.61KiB/s ETA 00:00
[2026-05-17T13:15:11.694Z] [WARN] yt-dlp stderr: [download] 100% of    2.58MiB in 00:00:03 at 795.63KiB/s
[2026-05-17T13:15:12.107Z] [INFO] youtube-dl-exec process exited with code 0
[2026-05-17T13:15:12.108Z] [INFO] Scheduling stream restart in 10 seconds...
[2026-05-17T13:15:22.114Z] [INFO] Starting stream extraction for URL: https://www.youtube.com/watch?v=sLueqNhgB3E
[2026-05-17T13:15:22.121Z] [INFO] Spawned fluent-ffmpeg with command: ffmpeg -i pipe:0 -acodec libmp3lame -b:a 16k -f mp3 pipe:1
[2026-05-17T13:15:22.972Z] [WARN] yt-dlp stderr: [youtube] Extracting URL: https://www.youtube.com/watch?v=sLueqNhgB3E
[2026-05-17T13:15:22.973Z] [WARN] yt-dlp stderr: [youtube] sLueqNhgB3E: Downloading webpage
[2026-05-17T13:15:24.603Z] [WARN] yt-dlp stderr: WARNING: [youtube] No supported JavaScript runtime could be found. Only deno is enabled by default; to use another runtime add  --js-runtimes RUNTIME[:PATH]  to your command/config. YouTube extraction without a JS runtime has been deprecated, and some formats may be missing. See  https://github.com/yt-dlp/yt-dlp/wiki/EJS  for details on installing one
[2026-05-17T13:15:24.608Z] [WARN] yt-dlp stderr: [youtube] sLueqNhgB3E: Downloading android vr player API JSON
[2026-05-17T13:15:24.951Z] [WARN] yt-dlp stderr: [info] sLueqNhgB3E: Downloading 1 format(s): 251
[2026-05-17T13:15:25.036Z] [WARN] yt-dlp stderr: [download] Destination: -
[2026-05-17T13:15:25.036Z] [WARN] yt-dlp stderr: [download]   0.0% of    2.58MiB at  222.01KiB/s ETA 00:11
[2026-05-17T13:15:25.037Z] [WARN] yt-dlp stderr: [download]   0.1% of    2.58MiB at  592.08KiB/s ETA 00:04
[2026-05-17T13:15:25.037Z] [WARN] yt-dlp stderr: [download]   0.3% of    2.58MiB at    1.35MiB/s ETA 00:01
[2026-05-17T13:15:25.037Z] [WARN] yt-dlp stderr: [download]   0.6% of    2.58MiB at    2.41MiB/s ETA 00:01
[2026-05-17T13:15:25.045Z] [INFO] Stream is now online and broadcasting via Node modules.
[2026-05-17T13:15:25.063Z] [WARN] yt-dlp stderr: [download]   1.2% of    2.58MiB at  988.67KiB/s ETA 00:02
[2026-05-17T13:15:25.073Z] [WARN] yt-dlp stderr: [download]   2.4% of    2.58MiB at    1.52MiB/s ETA 00:01
[2026-05-17T13:15:25.098Z] [WARN] yt-dlp stderr: [download]   4.8% of    2.58MiB at    1.88MiB/s ETA 00:01
[2026-05-17T13:15:25.243Z] [WARN] yt-dlp stderr: [download]   9.7% of    2.58MiB at    1.18MiB/s ETA 00:01
[2026-05-17T13:15:25.741Z] [WARN] yt-dlp stderr: [download]  19.4% of    2.58MiB at  720.29KiB/s ETA 00:02
[2026-05-17T13:15:26.199Z] [WARN] yt-dlp stderr: [download]  38.7% of    2.58MiB at  876.30KiB/s ETA 00:01
[2026-05-17T13:15:26.979Z] [WARN] yt-dlp stderr: [download]  77.5% of    2.58MiB at    1.03MiB/s ETA 00:00
[2026-05-17T13:15:27.429Z] [WARN] yt-dlp stderr: [download] 100.0% of    2.58MiB at    1.08MiB/s ETA 00:00
[2026-05-17T13:15:27.430Z] [WARN] yt-dlp stderr: [download] 100% of    2.58MiB in 00:00:02 at 1.05MiB/s
[2026-05-17T13:15:27.895Z] [INFO] youtube-dl-exec process exited with code 0
[2026-05-17T13:15:27.896Z] [INFO] Scheduling stream restart in 10 seconds...
[2026-05-17T13:15:35.109Z] [INFO] Shutting down server...
[2026-05-17T13:15:35.110Z] [INFO] Stopping stream manually.
[2026-05-17T13:15:35.111Z] [INFO] HTTP server closed.
[2026-05-17T13:21:10.264Z] [INFO] Server listening on port 3000
[2026-05-17T13:21:10.266Z] [INFO] Connected to the SQLite database.
[2026-05-17T13:21:34.932Z] [INFO] Stopping stream manually.
[2026-05-17T13:21:34.933Z] [INFO] Starting stream extraction for URL: https://www.youtube.com/watch?v=ALeRtAOnJi0
[2026-05-17T13:21:38.456Z] [INFO] Successfully extracted direct stream URL.
[2026-05-17T13:21:38.507Z] [INFO] Spawned fluent-ffmpeg
[2026-05-17T13:21:40.368Z] [INFO] Stream is now online and broadcasting via Node modules.
[2026-05-17T13:21:47.071Z] [INFO] Listener added. Total listeners: 1
[2026-05-17T13:29:31.690Z] [INFO] Listener added. Total listeners: 2
[2026-05-17T13:29:44.960Z] [INFO] Listener removed. Total listeners: 1
